[2020.05.18-20.09.36:860][  0]Log file open, 05/18/20 16:09:36
[2020.05.18-20.09.36:860][  0]LogInit:Display: Running engine for game: BattleTank
[2020.05.18-20.09.36:860][  0]LogPlatformFile: Not using cached read wrapper
[2020.05.18-20.09.36:860][  0]LogInit:Display: RandInit(-1621877117) SRandInit(-1621877114).
[2020.05.18-20.09.36:860][  0]LogTaskGraph: Started task graph with 4 named threads and 7 total threads.
[2020.05.18-20.09.36:860][  0]LogStats: Stats thread started at 0.078299
[2020.05.18-20.09.36:860][  0]LogInit:Warning: Incompatible or missing module: UE4Editor-BattleTank.dll
[2020.05.18-20.09.40:050][  0]Running C:/Program Files/Epic Games/UE_4.10/Engine/Binaries/DotNET/UnrealBuildTool.exe BattleTank Development Win64 -project="C:/Users/jimmy/Documents/Unreal practice/bt/BattleTank/BattleTank.uproject" -rocket -editorrecompile -progress -noubtmakefiles -2015
[2020.05.18-20.09.43:279][  0]@progress push 5%
[2020.05.18-20.09.44:589][  0]@progress pop
[2020.05.18-20.09.47:307][  0]Performing 4 actions (4 in parallel)
[2020.05.18-20.09.47:307][  0]BattleTank.generated.cpp
[2020.05.18-20.09.47:307][  0]BattleTankGameMode.cpp
[2020.05.18-20.09.47:308][  0]BattleTank.cpp
[2020.05.18-20.09.47:308][  0]C:\Users\jimmy\Documents\Unreal practice\bt\BattleTank\Intermediate\Build\Win64\UE4Editor\Inc\BattleTank\BattleTank.generated.cpp: error C4599: '/IC:\Program Files (x86)\Microsoft Visual Studio 14.0\VC\INCLUDE': command line argument number 228 does not match precompiled header
[2020.05.18-20.09.47:309][  0]C:\Users\jimmy\Documents\Unreal practice\bt\BattleTank\Source\BattleTank\BattleTankGameMode.cpp: error C4599: '/IC:\Program Files (x86)\Microsoft Visual Studio 14.0\VC\INCLUDE': command line argument number 228 does not match precompiled header
[2020.05.18-20.09.47:309][  0]C:\Users\jimmy\Documents\Unreal practice\bt\BattleTank\Source\BattleTank\BattleTank.cpp: error C4599: '/IC:\Program Files (x86)\Microsoft Visual Studio 14.0\VC\INCLUDE': command line argument number 228 does not match precompiled header
[2020.05.18-20.09.47:612][  0]-------- End Detailed Actions Stats -----------------------------------------------------------
[2020.05.18-20.09.47:612][  0]ERROR: UBT ERROR: Failed to produce item: C:\Users\jimmy\Documents\Unreal practice\bt\BattleTank\Binaries\Win64\UE4Editor-BattleTank.dll
[2020.05.18-20.09.47:612][  0]Total build time: 7.42 seconds
[2020.05.18-20.09.48:139][  0]LogInit:Warning: Still incompatible or missing module: UE4Editor-BattleTank.dll
[2020.05.18-20.09.51:870][  0]LogExit: Preparing to exit.
[2020.05.18-20.09.51:872][  0]LogModuleManager: Shutting down and abandoning module DesktopPlatform (15)
[2020.05.18-20.09.51:872][  0]LogModuleManager: Shutting down and abandoning module TextureCompressor (14)
[2020.05.18-20.09.51:872][  0]LogModuleManager: Shutting down and abandoning module ShaderCore (13)
[2020.05.18-20.09.51:872][  0]LogModuleManager: Shutting down and abandoning module Landscape (12)
[2020.05.18-20.09.51:872][  0]LogModuleManager: Shutting down and abandoning module SlateRHIRenderer (11)
[2020.05.18-20.09.51:872][  0]LogModuleManager: Shutting down and abandoning module OpenGLDrv (10)
[2020.05.18-20.09.51:872][  0]LogModuleManager: Shutting down and abandoning module D3D11RHI (9)
[2020.05.18-20.09.51:872][  0]LogModuleManager: Shutting down and abandoning module AnimGraphRuntime (8)
[2020.05.18-20.09.51:872][  0]LogModuleManager: Shutting down and abandoning module Renderer (7)
[2020.05.18-20.09.51:872][  0]LogModuleManager: Shutting down and abandoning module Engine (6)
[2020.05.18-20.09.51:872][  0]LogModuleManager: Shutting down and abandoning module CoreUObject (5)
[2020.05.18-20.09.51:872][  0]LogModuleManager: Shutting down and abandoning module NetworkFile (4)
[2020.05.18-20.09.51:872][  0]LogModuleManager: Shutting down and abandoning module StreamingFile (3)
[2020.05.18-20.09.51:872][  0]LogModuleManager: Shutting down and abandoning module SandboxFile (2)
[2020.05.18-20.09.51:872][  0]LogModuleManager: Shutting down and abandoning module PakFile (1)
[2020.05.18-20.09.51:874][  0]LogExit: Exiting.
[2020.05.18-20.09.51:876][  0]Log file closed, 05/18/20 16:09:51
